d:\複製のheart\duplicationheart\x64\debug\vc143.pdb
d:\複製のheart\duplicationheart\x64\debug\vc143.idb
d:\複製のheart\duplicationheart\x64\debug\main.obj
d:\複製のheart\duplicationheart\x64\debug\control.obj
d:\複製のheart\git_api\duplicationheart\x64\debug\vc143.pdb
d:\複製のheart\git_api\duplicationheart\x64\debug\vc143.idb
d:\複製のheart\git_api\duplicationheart\x64\debug\main.obj
d:\複製のheart\git_api\duplicationheart\x64\debug\control.obj
d:\複製のheart\git_api\duplicationheart\x64\debug\character.obj
d:\複製のheart\git_api\duplicationheart\x64\debug\charactercontroller.obj
d:\複製のheart\duplicationheart\x64\debug\duplicationheart.exe
d:\複製のheart\duplicationheart\x64\debug\duplicationheart.ilk
d:\複製のheart\duplicationheart\x64\debug\duplicationheart.pdb
d:\複製のheart\git_api\duplicationheart\x64\debug\duplicationheart.ilk
d:\複製のheart\git_api\duplicationheart\x64\debug\duplicationheart.exe
d:\複製のheart\git_api\duplicationheart\x64\debug\duplicationheart.pdb
d:\複製のheart\git_api\duplicationheart\x64\debug\duplicationheart.tlog\cl.command.1.tlog
d:\複製のheart\git_api\duplicationheart\x64\debug\duplicationheart.tlog\cl.read.1.tlog
d:\複製のheart\git_api\duplicationheart\x64\debug\duplicationheart.tlog\cl.write.1.tlog
d:\複製のheart\git_api\duplicationheart\x64\debug\duplicationheart.tlog\link.command.1.tlog
d:\複製のheart\git_api\duplicationheart\x64\debug\duplicationheart.tlog\link.read.1.tlog
d:\複製のheart\git_api\duplicationheart\x64\debug\duplicationheart.tlog\link.write.1.tlog
